<?xml version="1.0" encoding="UTF-8"?>
<!-- Generated by org.testng.reporters.JUnitReportReporter -->
<testsuite hostname="user" failures="0" tests="1" name="testpkg.Artklimtest" time="0.151" errors="0" timestamp="2024-05-06T23:13:55 IST" skipped="0">
  <testcase classname="testpkg.Artklimtest" name="logintest" time="0.151"/>
</testsuite> <!-- testpkg.Artklimtest -->
